U 25 Dolce & Gabbana s|l|xl $24 (60%)
G 7 For All Mankind xs|l|xl|xxl $78 (30%)
G Theory s|l $33 (30%)
U 34 Theory l|xl $12 (35%)
G Dolce & Gabbana xxs|xs|s|m|xl $44 (25%)
G Jimmy Choo m|l|xxl $87 (20%)
U 18 Theory xs|s|m|l $96 (60%)
U 36 Jimmy Choo xxs|xs|s|m|l|xl $21 (15%)
G Juicy Couture xl|xxl $68 (15%)
G 7 For All Mankind xs|s|m|l|xl|xxl $6 (25%)
G Dolce & Gabbana s|xl $93 (60%)
U 51 Ya-Ya xxs|xs|m|xl $99 (15%)
U 23 Juicy Couture xxs $60 (45%)
U 27 Jimmy Choo -all- $4 (60%)
G Dolce & Gabbana xxs|xs|s|m|l|xxl $35 (25%)
G Dolce & Gabbana l $10 (60%)
G DKNY s|m|l|xxl $98 (30%)
G Theory xxs|m|xl|xxl $6 (35%)
G Jimmy Choo s|m|xl|xxl $52 (45%)
G Theory xxs|s|m|l|xl|xxl $16 (30%)
G Dolce & Gabbana xxs|xs|s|l|xl|xxl $62 (25%)
U 90 Ya-Ya -all- $53 (25%)
U 25 Juicy Couture -all- $16 (35%)
G 7 For All Mankind xs|s|m|l $93 (30%)
U 27 Jimmy Choo -all- $55 (60%)
G DKNY xs|s|m|l|xxl $26 (60%)
U 34 Theory xxs $86 (15%)
U 79 Dolce & Gabbana xxs|xs|s|xl $98 (60%)
U 80 Jimmy Choo -all- $48 (45%)
U 38 Dolce & Gabbana s|xl $26 (30%)
U 96 Theory m|l|xxl $57 (25%)
U 19 Juicy Couture xs $45 (15%)
G DKNY s|l $65 (30%)
U 98 Juicy Couture xxs|s|l|xl $74 (25%)
G Dolce & Gabbana m|l|xxl $86 (60%)
G Juicy Couture xxs|l|xl $4 (15%)
U 35 Ya-Ya -all- $57 (15%)
G Dolce & Gabbana xxs|xs|s|l|xxl $61 (25%)
U 73 Ya-Ya -all- $2 (20%)
U 50 Jimmy Choo -all- $0 (15%)
G DKNY xxs|s|m|l|xl|xxl $15 (60%)
U 91 Jimmy Choo -all- $60 (15%)
G Ya-Ya xxs|xs|m|xxl $51 (60%)
U 4 7 For All Mankind -all- $63 (20%)
U 92 Theory -all- $7 (60%)
G 7 For All Mankind xxs|xs|s|l|xl $12 (20%)
G DKNY xs|s|m $47 (60%)
G Jimmy Choo l $87 (25%)
G Theory xs|s|m|xl|xxl $26 (25%)
G 7 For All Mankind xl $93 (25%)
U 59 Ya-Ya s $41 (35%)
G Juicy Couture xs $97 (35%)
G Jimmy Choo xs|s|m|l $85 (60%)
U 79 Dolce & Gabbana -all- $56 (15%)
U 11 Jimmy Choo l $1 (45%)
U 40 Jimmy Choo -all- $42 (25%)
G Juicy Couture xxs|s|m|l|xxl $83 (20%)
U 8 Jimmy Choo -all- $5 (35%)
G 7 For All Mankind xxs|s|m|l|xxl $17 (45%)
U 46 DKNY -all- $60 (25%)
U 93 Juicy Couture xxs|xs|m|l|xxl $99 (20%)
U 16 7 For All Mankind xxs|xs|s|m|l|xl|xxl $13 (35%)
G Jimmy Choo xs|l|xxl $40 (25%)
G Theory xxs|xs|s|m|l|xl|xxl $74 (60%)
U 20 Dolce & Gabbana -all- $70 (15%)
U 65 7 For All Mankind -all- $95 (30%)
U 8 Jimmy Choo s|l|xl|xxl $50 (45%)
U 29 Ya-Ya -all- $25 (60%)
U 44 Ya-Ya -all- $23 (35%)
U 75 Juicy Couture xxs $6 (30%)
G Jimmy Choo xxs|s|m|l|xxl $70 (20%)
G Theory xs|m|l|xl|xxl $45 (20%)
G Jimmy Choo xxs|xs|s|m|l|xl|xxl $65 (35%)
U 11 Ya-Ya s $11 (45%)
U 28 Jimmy Choo xxs|s|m|l|xl|xxl $65 (25%)
U 69 Ya-Ya xxs|xs|m|l|xxl $61 (60%)
U 28 Jimmy Choo xxs|xs|s $71 (60%)
G Jimmy Choo xxs|xs|s|m|l|xl|xxl $70 (30%)
U 22 Jimmy Choo xl $66 (25%)
U 12 Dolce & Gabbana xxs|xs|m|l|xl $61 (30%)
G Dolce & Gabbana xxs|xl $33 (60%)
G Dolce & Gabbana xxs|xs|s|m|xl $45 (25%)
U 6 Dolce & Gabbana m|l $69 (60%)
G Jimmy Choo xxs $65 (15%)
U 74 Juicy Couture -all- $37 (15%)
G Juicy Couture s|l $33 (25%)
G DKNY xxs|s|m|xl|xxl $36 (60%)
G Dolce & Gabbana xxs|xs|s|l|xl|xxl $59 (60%)
U 63 Jimmy Choo xxs|s|xxl $95 (30%)
G Jimmy Choo xxs|xs|s|m|l|xxl $78 (45%)
U 70 Jimmy Choo -all- $31 (25%)
U 11 Juicy Couture l|xl|xxl $56 (45%)
U 92 7 For All Mankind -all- $15 (45%)
U 24 Ya-Ya -all- $73 (30%)
U 50 Ya-Ya l $39 (20%)
U 77 7 For All Mankind -all- $56 (35%)
G Jimmy Choo m|xl $20 (45%)
U 23 Dolce & Gabbana -all- $73 (25%)
G DKNY xxs|xl $71 (25%)
U 15 DKNY -all- $62 (60%)
U 87 Dolce & Gabbana -all- $11 (60%)
U 100 DKNY xxs|s|m|xl|xxl $86 (20%)
U 16 Theory xxs|xs|xxl $45 (45%)
U 78 DKNY xxs|xl|xxl $82 (15%)
U 79 Juicy Couture -all- $94 (45%)
U 95 DKNY xxs|s|xxl $87 (15%)
U 29 Theory -all- $82 (20%)
U 26 Ya-Ya xs|s|l|xxl $81 (15%)
G 7 For All Mankind xxs|xs|s|m|l|xl $41 (35%)
U 36 7 For All Mankind xxs|xs|s|xl|xxl $87 (35%)
U 46 Theory -all- $39 (15%)
U 65 Ya-Ya -all- $97 (60%)
U 74 Ya-Ya s|m|l|xl|xxl $7 (60%)
U 52 DKNY s|m|l $70 (15%)
U 64 Juicy Couture -all- $73 (60%)
G Dolce & Gabbana l $97 (20%)
U 1 Juicy Couture -all- $28 (25%)
U 19 Juicy Couture -all- $49 (60%)
U 39 Ya-Ya -all- $32 (45%)
G DKNY xs $99 (45%)
G Jimmy Choo xxs|xs|s|m|l|xl $25 (25%)
U 30 Dolce & Gabbana xs $84 (25%)
U 62 Theory -all- $78 (60%)
U 44 DKNY m $8 (30%)
U 86 Ya-Ya -all- $94 (15%)
G Ya-Ya s|l|xxl $34 (45%)
U 54 Jimmy Choo -all- $71 (30%)
G Theory s|m|xxl $51 (30%)
U 17 Ya-Ya -all- $86 (20%)
U 86 DKNY -all- $60 (15%)
U 64 7 For All Mankind xxs $97 (25%)
G Dolce & Gabbana xxs $68 (15%)
U 68 Theory xl|xxl $34 (15%)
U 82 Dolce & Gabbana xxs|m $16 (25%)
U 94 7 For All Mankind xs $28 (60%)
G Ya-Ya s $68 (45%)
U 90 Juicy Couture -all- $96 (20%)
G Theory xxs|xs|s|m|xl $52 (25%)
G Ya-Ya xxs|xs|s|m|l|xl|xxl $44 (45%)
U 35 Ya-Ya xxs|xs|s|m|l|xl|xxl $2 (30%)
U 29 Dolce & Gabbana -all- $11 (25%)
U 57 DKNY xxs|s|l|xxl $41 (20%)
G Juicy Couture xl $28 (25%)
U 24 Ya-Ya xs|s $96 (45%)
G Ya-Ya xxs|xs|m|l|xxl $62 (60%)
U 9 Theory -all- $71 (20%)
U 68 Dolce & Gabbana -all- $29 (15%)
U 52 Ya-Ya -all- $87 (45%)
G Juicy Couture xs|m $22 (15%)
U 1 Ya-Ya -all- $74 (25%)
G Jimmy Choo m|xl|xxl $39 (25%)
G Juicy Couture xxs|l|xl $18 (15%)
G Theory xs|m|l|xxl $22 (20%)
G Jimmy Choo xxs|xl $40 (60%)
G Juicy Couture xxs|xs $90 (25%)
G Juicy Couture xxl $64 (20%)
G 7 For All Mankind xxs|xs|s|xl|xxl $69 (45%)
G Jimmy Choo xs|m|l|xl $84 (20%)
G Theory xs|l|xl $36 (20%)
U 41 DKNY xs|l|xxl $31 (20%)
G Ya-Ya xs|m|xl|xxl $39 (15%)
G DKNY xs|xl $25 (30%)
G Juicy Couture xxs|xs|s|xl $73 (60%)
U 65 7 For All Mankind xxs|xs|s|l|xxl $53 (20%)
U 56 Jimmy Choo -all- $10 (25%)
G Jimmy Choo xxs|xs|s|m|xl|xxl $69 (35%)
U 84 Theory -all- $41 (15%)
U 29 Dolce & Gabbana -all- $63 (25%)
G Jimmy Choo xxs|xs|s|l $3 (30%)
G Jimmy Choo xxs|xs|s|m|l|xl|xxl $99 (45%)
G Jimmy Choo xxs|xs|s|m|l|xl|xxl $89 (30%)
U 100 7 For All Mankind xxs|s $25 (25%)
G Ya-Ya xxs|xs|s|m|l|xl|xxl $93 (25%)
G DKNY xxs|xs|s|m|l $51 (15%)
G Ya-Ya xxs|xs|l|xl|xxl $66 (60%)
G DKNY xxs|xs|m|l|xxl $76 (20%)
G Juicy Couture s $84 (20%)
U 94 7 For All Mankind xxs|xs|s|l|xl|xxl $8 (15%)
U 17 Ya-Ya -all- $36 (60%)
U 13 Ya-Ya -all- $87 (35%)
G 7 For All Mankind xxs|xs|m|xxl $19 (45%)
G Ya-Ya xxs|s|l|xxl $20 (60%)
G Theory s|m|l|xl $41 (35%)
G 7 For All Mankind xxs|xs|s|m|l|xl|xxl $19 (60%)
U 40 Jimmy Choo xxl $99 (35%)
G Dolce & Gabbana xxs|xs|s|l|xl|xxl $84 (35%)
G Jimmy Choo xs|m|l|xxl $60 (25%)
G Theory xxs|xs|xl $34 (45%)
G Dolce & Gabbana xxs|xs|s|m|l|xl|xxl $76 (25%)
U 41 Dolce & Gabbana -all- $29 (45%)
G DKNY xxs|xs|s|l|xl|xxl $91 (60%)
G DKNY xs|s|l|xxl $42 (25%)
U 79 Theory -all- $98 (25%)
U 79 Ya-Ya -all- $13 (35%)
U 56 Juicy Couture -all- $51 (45%)
U 83 Theory s|l|xl $88 (45%)
U 94 Theory -all- $70 (15%)
U 21 Theory -all- $55 (20%)
G 7 For All Mankind xs $22 (25%)
G 7 For All Mankind xxs|s|m|l|xxl $70 (25%)
G Dolce & Gabbana s|m|xl|xxl $82 (35%)
G Dolce & Gabbana xxs|s|xl|xxl $12 (25%)
G Ya-Ya xxs|xs|s|l|xl|xxl $13 (15%)
U 11 Jimmy Choo s|xxl $91 (20%)
U 11 Theory -all- $98 (25%)
G DKNY xs|m|xxl $82 (30%)
U 60 Juicy Couture -all- $91 (25%)
G 7 For All Mankind xs|m $44 (30%)
G Juicy Couture s|m|l|xl|xxl $41 (35%)
G Jimmy Choo xxs $8 (20%)
U 92 Jimmy Choo xxl $42 (35%)
U 9 Juicy Couture xxs|xs|s|m $31 (35%)
U 38 DKNY xxs|xs|s|m|l|xl $0 (35%)
U 34 DKNY -all- $77 (25%)
U 51 7 For All Mankind -all- $4 (15%)
G Theory s|xxl $93 (30%)
U 11 7 For All Mankind xxs $15 (15%)
U 16 Theory xxs|xs|l|xxl $54 (35%)
U 42 DKNY xxs|s|m $41 (45%)
G Theory xxs|xs|s|m|xl|xxl $86 (25%)
U 96 Dolce & Gabbana xs|xxl $34 (30%)
U 58 DKNY xxl $30 (15%)
U 87 Ya-Ya -all- $84 (15%)
G DKNY xs|l|xl $89 (45%)
G Juicy Couture xxs|m|l|xl $20 (60%)
G Dolce & Gabbana xs|xxl $68 (60%)
U 41 7 For All Mankind xs $21 (30%)
G Jimmy Choo s|m|xxl $38 (45%)
G Dolce & Gabbana xxs|xs|s|m|l|xl|xxl $49 (15%)
G Jimmy Choo xxs|xs|s|m|l|xxl $8 (30%)
G Ya-Ya s|xxl $66 (30%)
G Theory xxs|xs $25 (45%)
G DKNY xs|s|m|l $27 (60%)
U 74 Dolce & Gabbana -all- $77 (15%)
G 7 For All Mankind xxs|xs|s|m|l $44 (25%)
U 79 7 For All Mankind xxs|xl $50 (25%)
G Jimmy Choo xs|s|m|l|xxl $40 (35%)